<?xml version="1.0" encoding="UTF-8"?>
<!-- Generated by org.testng.reporters.JUnitReportReporter -->
<testsuite hostname="LAPTOP-3AI9QJI2" failures="0" tests="1" name="com.lexnod.Potentials.VerifyPotentialsTab" time="1.332" errors="0" timestamp="2022-06-01T08:25:35 IST" skipped="0">
  <testcase classname="com.lexnod.Potentials.VerifyPotentialsTab" name="verifyPotentialstabTest" time="1.332"/>
  <system-out>
    <![CDATA[verifyPotentialstabTest method started
Lexnod Home page is Displayed,PASS
Potentials Text is Displayed]]>
  </system-out>
</testsuite> <!-- com.lexnod.Potentials.VerifyPotentialsTab -->
