<?xml version="1.0" encoding="UTF-8"?>
<!-- Generated by org.testng.reporters.JUnitReportReporter -->
<testsuite hostname="LAPTOP-3AI9QJI2" failures="0" tests="1" name="com.lexnod.quotes.VerifyQuotesTab" time="3.818" errors="0" timestamp="2022-06-02T10:21:04 IST" skipped="0">
  <testcase classname="com.lexnod.quotes.VerifyQuotesTab" name="verifyQuotesTabTest" time="3.818"/>
  <system-out>
    <![CDATA[verifyQuotesTabTest method started
Lexnod Home page is Displayed,PASS]]>
  </system-out>
</testsuite> <!-- com.lexnod.quotes.VerifyQuotesTab -->
