<?xml version="1.0" encoding="UTF-8"?>
<!-- Generated by org.testng.reporters.JUnitReportReporter -->
<testsuite hostname="LAPTOP-3AI9QJI2" failures="0" tests="1" name="com.lexnod.Dsahboards.VerifyDashboardsTab" time="0.875" errors="0" timestamp="2022-06-01T08:25:35 IST" skipped="0">
  <testcase classname="com.lexnod.Dsahboards.VerifyDashboardsTab" name="verifyDashboardsTabTest" time="0.875"/>
  <system-out>
    <![CDATA[verifyDashboardsTabTest method started
Lexnod Home page is Displayed,PASS
Dashboard text is Displayed]]>
  </system-out>
</testsuite> <!-- com.lexnod.Dsahboards.VerifyDashboardsTab -->
