<?xml version="1.0" encoding="UTF-8"?>
<!-- Generated by org.testng.reporters.JUnitReportReporter -->
<testsuite hostname="LAPTOP-3AI9QJI2" failures="0" tests="1" name="com.lexnod.Campaigns.VerifyCampaignsTab" time="1.246" errors="0" timestamp="2022-06-01T08:25:35 IST" skipped="0">
  <testcase classname="com.lexnod.Campaigns.VerifyCampaignsTab" name="verifyCampaignsTabTest" time="1.246"/>
  <system-out>
    <![CDATA[verifyCampaignsTabTest method started
Lexnod Home page is Displayed,PASS
Campaigns text is Displayed]]>
  </system-out>
</testsuite> <!-- com.lexnod.Campaigns.VerifyCampaignsTab -->
