<?xml version="1.0" encoding="UTF-8"?>
<!-- Generated by org.testng.reporters.JUnitReportReporter -->
<testsuite hostname="LAPTOP-3AI9QJI2" failures="0" tests="1" name="com.lexnod.Forecasts.VerifyForecastsTab" time="0.839" errors="0" timestamp="2022-06-02T10:21:04 IST" skipped="0">
  <testcase classname="com.lexnod.Forecasts.VerifyForecastsTab" name="verifyForecastsTabTest" time="0.839"/>
  <system-out>
    <![CDATA[verifyForecastsTabTest method started
Lexnod Home page is Displayed,PASS
Forecasts Text is Displayed]]>
  </system-out>
</testsuite> <!-- com.lexnod.Forecasts.VerifyForecastsTab -->
