<?xml version="1.0" encoding="UTF-8"?>
<!-- Generated by org.testng.reporters.JUnitReportReporter -->
<testsuite hostname="LAPTOP-3AI9QJI2" failures="0" tests="1" name="com.lexnod.Contacts.VerifyContactsTab" time="1.186" errors="0" timestamp="2022-05-31T15:49:28 IST" skipped="0">
  <testcase classname="com.lexnod.Contacts.VerifyContactsTab" name="verifyContactsTabTest" time="1.186"/>
  <system-out>
    <![CDATA[verifyContactsTabTest method started
Lexnod Home page is Displayed,PASS
Contacts Text is Displayed]]>
  </system-out>
</testsuite> <!-- com.lexnod.Contacts.VerifyContactsTab -->
