<?xml version="1.0" encoding="UTF-8"?>
<!-- Generated by org.testng.reporters.JUnitReportReporter -->
<testsuite hostname="LAPTOP-3AI9QJI2" failures="0" tests="1" name="com.lexnod.leads.VerifyLeadsTab" time="1.557" errors="0" timestamp="2022-06-01T08:25:35 IST" skipped="0">
  <testcase classname="com.lexnod.leads.VerifyLeadsTab" name="verifyLeadsTabtest" time="1.557"/>
  <system-out>
    <![CDATA[verifyLeadsTabtest method started
Lexnod Home page is Displayed,PASS
LeadsText is Displayed]]>
  </system-out>
</testsuite> <!-- com.lexnod.leads.VerifyLeadsTab -->
