<?xml version="1.0" encoding="UTF-8"?>
<testsuite name="TestSuite" time="24.133" tests="11" errors="0" skipped="0" failures="0">
  <properties>
    <property name="jansi.mode" value="strip"/>
    <property name="java.runtime.name" value="OpenJDK Runtime Environment"/>
    <property name="java.vm.version" value="17.0.2+8"/>
    <property name="sun.boot.library.path" value="C:\Users\ARUN\.p2\pool\plugins\org.eclipse.justj.openjdk.hotspot.jre.full.win32.x86_64_17.0.2.v20220201-1208\jre\bin"/>
    <property name="maven.multiModuleProjectDirectory" value="C:\Users\ARUN\Downloads\Lexnod\Lexnod"/>
    <property name="java.vm.vendor" value="Eclipse Adoptium"/>
    <property name="java.vendor.url" value="https://adoptium.net/"/>
    <property name="guice.disable.misplaced.annotation.check" value="true"/>
    <property name="path.separator" value=";"/>
    <property name="java.vm.name" value="OpenJDK 64-Bit Server VM"/>
    <property name="sun.os.patch.level" value=""/>
    <property name="user.script" value=""/>
    <property name="user.country" value="IN"/>
    <property name="sun.java.launcher" value="SUN_STANDARD"/>
    <property name="java.vm.specification.name" value="Java Virtual Machine Specification"/>
    <property name="user.dir" value="C:\Users\ARUN\Downloads\Lexnod\Lexnod"/>
    <property name="java.vm.compressedOopsMode" value="32-bit"/>
    <property name="java.runtime.version" value="17.0.2+8"/>
    <property name="os.arch" value="amd64"/>
    <property name="java.io.tmpdir" value="C:\Users\ARUN\AppData\Local\Temp\"/>
    <property name="line.separator" value="&#10;"/>
    <property name="java.vm.specification.vendor" value="Oracle Corporation"/>
    <property name="user.variant" value=""/>
    <property name="os.name" value="Windows 11"/>
    <property name="classworlds.conf" value="C:\Users\ARUN\Lexnod\.metadata\.plugins\org.eclipse.m2e.launching\launches\m2conf15033002061663264750.tmp"/>
    <property name="sun.jnu.encoding" value="Cp1252"/>
    <property name="java.library.path" value="C:\Users\ARUN\.p2\pool\plugins\org.eclipse.justj.openjdk.hotspot.jre.full.win32.x86_64_17.0.2.v20220201-1208\jre\bin;C:\Windows\Sun\Java\bin;C:\Windows\system32;C:\Windows;C:/Users/ARUN/.p2/pool/plugins/org.eclipse.justj.openjdk.hotspot.jre.full.win32.x86_64_17.0.2.v20220201-1208/jre/bin/server;C:/Users/ARUN/.p2/pool/plugins/org.eclipse.justj.openjdk.hotspot.jre.full.win32.x86_64_17.0.2.v20220201-1208/jre/bin;C:\Program Files\Common Files\Oracle\Java\javapath;C:\Program Files (x86)\Common Files\Oracle\Java\javapath;C:\Windows\system32;C:\Windows;C:\Windows\System32\Wbem;C:\Windows\System32\WindowsPowerShell\v1.0\;C:\Windows\System32\OpenSSH\;C:\Program Files (x86)\dotnet\;C:\apache-maven-3.8.5\bin;C:\Program Files\Java\jdk-11.0.15\bin;C:\Program Files\Java\jre-11.0.15\bin;C:\Users\ARUN\AppData\Local\Microsoft\WindowsApps;;C:\Users\ARUN\eclipse\java-2021-12\eclipse;;."/>
    <property name="jdk.debug" value="release"/>
    <property name="java.class.version" value="61.0"/>
    <property name="java.specification.name" value="Java Platform API Specification"/>
    <property name="sun.management.compiler" value="HotSpot 64-Bit Tiered Compilers"/>
    <property name="os.version" value="10.0"/>
    <property name="user.home" value="C:\Users\ARUN"/>
    <property name="user.timezone" value="Asia/Calcutta"/>
    <property name="file.encoding" value="Cp1252"/>
    <property name="java.specification.version" value="17"/>
    <property name="user.name" value="ARUN"/>
    <property name="java.class.path" value="C:\Users\ARUN\.p2\pool\plugins\org.eclipse.m2e.maven.runtime_1.18.3.20220227-1319\jars\plexus-classworlds-2.6.0.jar"/>
    <property name="java.vm.specification.version" value="17"/>
    <property name="sun.arch.data.model" value="64"/>
    <property name="sun.java.command" value="org.codehaus.plexus.classworlds.launcher.Launcher -B clean install"/>
    <property name="java.home" value="C:\Users\ARUN\.p2\pool\plugins\org.eclipse.justj.openjdk.hotspot.jre.full.win32.x86_64_17.0.2.v20220201-1208\jre"/>
    <property name="user.language" value="en"/>
    <property name="java.specification.vendor" value="Oracle Corporation"/>
    <property name="java.vm.info" value="mixed mode"/>
    <property name="java.version" value="17.0.2"/>
    <property name="native.encoding" value="Cp1252"/>
    <property name="java.vendor" value="Eclipse Adoptium"/>
    <property name="maven.home" value="C:\Users\ARUN\Downloads\Lexnod\Lexnod\EMBEDDED"/>
    <property name="file.separator" value="\"/>
    <property name="java.version.date" value="2022-01-18"/>
    <property name="java.vendor.url.bug" value="https://github.com/adoptium/adoptium-support/issues"/>
    <property name="sun.io.unicode.encoding" value="UnicodeLittle"/>
    <property name="sun.cpu.endian" value="little"/>
    <property name="java.vendor.version" value="Temurin-17.0.2+8"/>
    <property name="sun.cpu.isalist" value="amd64"/>
  </properties>
  <testcase name="verifyQuotesTabTest" classname="com.lexnod.quotes.VerifyQuotesTab" time="5.738"/>
  <testcase name="verifyDashboardsTabTest" classname="com.lexnod.Dsahboards.VerifyDashboardsTab" time="0.944"/>
  <testcase name="verifyAccountsTabTest" classname="com.lexnod.Accounts.VerifyAccountsTab" time="1.452"/>
  <testcase name="verifyReportsTabTest" classname="com.lexnod.Reports.VerifyReportsTab" time="0.955"/>
  <testcase name="verifyForecastsTabTest" classname="com.lexnod.Forecasts.VerifyForecastsTab" time="1.114"/>
  <testcase name="verifyPotentialstabTest" classname="com.lexnod.Potentials.VerifyPotentialsTab" time="1.5"/>
  <testcase name="verifyLeadsTabtest" classname="com.lexnod.leads.VerifyLeadsTab" time="1.525"/>
  <testcase name="createNewLeadTest" classname="com.lexnod.leads.CreateNewLead" time="7.592"/>
  <testcase name="verifyCampaignsTabTest" classname="com.lexnod.Campaigns.VerifyCampaignsTab" time="1.477"/>
  <testcase name="verifyContactsTabTest" classname="com.lexnod.Contacts.VerifyContactsTab" time="1.186"/>
  <testcase name="validLoginTest" classname="com.lexnod.login.ValidLogin" time="0.65"/>
</testsuite>