<?xml version="1.0" encoding="UTF-8"?>
<!-- Generated by org.testng.reporters.JUnitReportReporter -->
<testsuite hostname="LAPTOP-3AI9QJI2" failures="0" tests="1" name="com.lexnod.Potentials.CreatePotential" time="8.142" errors="0" timestamp="2022-06-09T13:09:14 IST" skipped="0">
  <testcase classname="com.lexnod.Potentials.CreatePotential" name="createPotentialTest" time="8.142"/>
  <system-out>
    <![CDATA[createPotentialTest method started
Lexnod Home page is Displayed,PASS
Potentials Text is Displayed
Create Potential Page is Displayed,PASS
Potential Detail Page is Displayed,PASS]]>
  </system-out>
</testsuite> <!-- com.lexnod.Potentials.CreatePotential -->
