<?xml version="1.0" encoding="UTF-8"?>
<!-- Generated by org.testng.reporters.JUnitReportReporter -->
<testsuite hostname="LAPTOP-3AI9QJI2" failures="0" tests="1" name="com.lexnod.Reports.VerifyReportsTab" time="0.977" errors="0" timestamp="2022-06-09T13:09:14 IST" skipped="0">
  <testcase classname="com.lexnod.Reports.VerifyReportsTab" name="verifyReportsTabTest" time="0.977"/>
  <system-out>
    <![CDATA[verifyReportsTabTest method started
Lexnod Home page is Displayed,PASS
Reports text is Displayed]]>
  </system-out>
</testsuite> <!-- com.lexnod.Reports.VerifyReportsTab -->
