<?xml version="1.0" encoding="UTF-8"?>
<!-- Generated by org.testng.reporters.JUnitReportReporter -->
<testsuite hostname="LAPTOP-3AI9QJI2" failures="0" tests="1" name="com.lexnod.vendors.CreateVendor" time="4.503" errors="0" timestamp="2022-06-22T15:32:11 IST" skipped="0">
  <testcase classname="com.lexnod.vendors.CreateVendor" name="createVendorTest" time="4.503"/>
  <system-out>
    <![CDATA[Lexnod Home page is Displayed,PASS
Create Vendor Page is Displayed,PASS
Vendors Detail Page is Displayed,PASS]]>
  </system-out>
</testsuite> <!-- com.lexnod.vendors.CreateVendor -->
