<?xml version="1.0" encoding="UTF-8"?>
<!-- Generated by org.testng.reporters.JUnitReportReporter -->
<testsuite hostname="LAPTOP-3AI9QJI2" failures="0" tests="1" name="com.lexnod.leads.CreateNewLead" time="3.844" errors="0" timestamp="2022-05-28T10:24:21 IST" skipped="0">
  <testcase classname="com.lexnod.leads.CreateNewLead" name="createNewLeadTest" time="3.844"/>
  <system-out>
    <![CDATA[createNewLeadTest method started
Lexnod Home page is Displayed,PASS
LeadsText is Displayed
Create Lead Page is Displayed,PASS
LeadDetails Page is Displayed,PASS
Lead Name Text is Displayed,PASS
createNewLeadTest method PASSED]]>
  </system-out>
</testsuite> <!-- com.lexnod.leads.CreateNewLead -->
