<?xml version="1.0" encoding="UTF-8"?>
<!-- Generated by org.testng.reporters.JUnitReportReporter -->
<testsuite hostname="LAPTOP-3AI9QJI2" failures="0" tests="1" name="com.lexnod.Accounts.VerifyAccountsTab" time="1.455" errors="0" timestamp="2022-05-26T15:52:13 IST" skipped="0">
  <testcase classname="com.lexnod.Accounts.VerifyAccountsTab" name="verifyAccountsTabTest" time="1.455"/>
  <system-out>
    <![CDATA[verifyAccountsTabTest method started
Lexnod Home page is Displayed,PASS
Accounts Text is Displayed
verifyAccountsTabTest method PASSED]]>
  </system-out>
</testsuite> <!-- com.lexnod.Accounts.VerifyAccountsTab -->
