<?xml version="1.0" encoding="UTF-8"?>
<!-- Generated by org.testng.reporters.JUnitReportReporter -->
<testsuite hostname="LAPTOP-3AI9QJI2" failures="0" tests="1" name="com.lexnod.Campaigns.CreateNewCampaign" time="1.571" errors="0" timestamp="2022-06-09T13:09:14 IST" skipped="0">
  <testcase classname="com.lexnod.Campaigns.CreateNewCampaign" name="createNewCampaignTest" time="1.571"/>
  <system-out>
    <![CDATA[createNewCampaignTest method started
Lexnod Home page is Displayed,PASS
Campaigns text is Displayed]]>
  </system-out>
</testsuite> <!-- com.lexnod.Campaigns.CreateNewCampaign -->
