<?xml version="1.0" encoding="UTF-8"?>
<!-- Generated by org.testng.reporters.JUnitReportReporter -->
<testsuite hostname="LAPTOP-3AI9QJI2" failures="0" tests="4" name="com.lexnod.Accounts.GroupingExecution" time="0.016" errors="0" timestamp="2022-06-11T14:53:07 IST" skipped="0">
  <testcase classname="com.lexnod.Accounts.GroupingExecution" name="smoke1" time="0.012"/>
  <system-out>
    <![CDATA[smoke1]]>
  </system-out>
  <testcase classname="com.lexnod.Accounts.GroupingExecution" name="smoke3" time="0.001"/>
  <system-out>
    <![CDATA[smoke3]]>
  </system-out>
  <testcase classname="com.lexnod.Accounts.GroupingExecution" name="smoke2" time="0.001"/>
  <system-out>
    <![CDATA[smoke2]]>
  </system-out>
  <testcase classname="com.lexnod.Accounts.GroupingExecution" name="smoke4" time="0.002"/>
  <system-out>
    <![CDATA[smoke4]]>
  </system-out>
</testsuite> <!-- com.lexnod.Accounts.GroupingExecution -->
