<?xml version="1.0" encoding="UTF-8"?>
<!-- Generated by org.testng.reporters.JUnitReportReporter -->
<testsuite hostname="LAPTOP-3AI9QJI2" failures="0" tests="1" name="com.lexnod.login.ValidLogin" time="0.668" errors="0" timestamp="2022-06-09T13:09:14 IST" skipped="0">
  <testcase classname="com.lexnod.login.ValidLogin" name="validLoginTest" time="0.668"/>
  <system-out>
    <![CDATA[validLoginTest method started
Lexnod Home page is Displayed,PASS]]>
  </system-out>
</testsuite> <!-- com.lexnod.login.ValidLogin -->
